<?xml version="1.0" encoding="UTF-8"?>
<testng-results ignored="0" total="1" passed="1" failed="0" skipped="0">
  <reporter-output>
  </reporter-output>
  <suite started-at="2022-07-18T13:10:49 IST" name="Default suite" finished-at="2022-07-18T13:13:26 IST" duration-ms="156818">
    <groups>
    </groups>
    <test started-at="2022-07-18T13:10:49 IST" name="Default test" finished-at="2022-07-18T13:13:26 IST" duration-ms="156818">
      <class name="trelloproj.test.NewTest">
        <test-method is-config="true" signature="beforeTest()[pri:0, instance:trelloproj.test.NewTest@4f80542f]" started-at="2022-07-18T13:10:49 IST" name="beforeTest" finished-at="2022-07-18T13:11:20 IST" duration-ms="30814" status="PASS">
          <reporter-output>
          </reporter-output>
        </test-method> <!-- beforeTest -->
        <test-method signature="login()[pri:0, instance:trelloproj.test.NewTest@4f80542f]" started-at="2022-07-18T13:11:20 IST" name="login" finished-at="2022-07-18T13:13:20 IST" duration-ms="120465" status="PASS">
          <reporter-output>
          </reporter-output>
        </test-method> <!-- login -->
        <test-method is-config="true" signature="afterTest()[pri:0, instance:trelloproj.test.NewTest@4f80542f]" started-at="2022-07-18T13:13:20 IST" name="afterTest" finished-at="2022-07-18T13:13:26 IST" duration-ms="5396" status="PASS">
          <reporter-output>
          </reporter-output>
        </test-method> <!-- afterTest -->
      </class> <!-- trelloproj.test.NewTest -->
    </test> <!-- Default test -->
  </suite> <!-- Default suite -->
</testng-results>
